Using pre-set license
Built from '2020.3/staging' branch; Version is '2020.3.30f1 (1fb1bf06830e) revision 2077119'; Using compiler version '192528614'; Build Type 'Release'
OS: 'Windows 10  (10.0.19044) 64bit Professional' Language: 'sr' Physical Memory: 16310 MB
BatchMode: 1, IsHumanControllingUs: 0, StartBugReporterOnCrash: 0, Is64bit: 1, IsPro: 0

COMMAND LINE ARGUMENTS:
C:\Program Files\UnityProjects\2020.3.30f1\Editor\Unity.exe
-adb2
-batchMode
-noUpm
-name
AssetImportWorker0
-projectPath
C:/Users/leksan/rri-projekt
-logFile
Logs/AssetImportWorker0.log
-srvPort
50780
Successfully changed project path to: C:/Users/leksan/rri-projekt
C:/Users/leksan/rri-projekt
Using Asset Import Pipeline V2.
Refreshing native plugins compatible for Editor in 20.71 ms, found 2 plugins.
Preloading 0 native plugins for Editor in 0.00 ms.
Initialize engine version: 2020.3.30f1 (1fb1bf06830e)
[Subsystems] Discovering subsystems at path C:/Program Files/UnityProjects/2020.3.30f1/Editor/Data/Resources/UnitySubsystems
[Subsystems] Discovering subsystems at path C:/Users/leksan/rri-projekt/Assets
GfxDevice: creating device client; threaded=0
Direct3D:
    Version:  Direct3D 11.0 [level 11.1]
    Renderer: NVIDIA GeForce RTX 3060 Ti (ID=0x2486)
    Vendor:   
    VRAM:     8050 MB
    Driver:   30.0.15.1215
Initialize mono
Mono path[0] = 'C:/Program Files/UnityProjects/2020.3.30f1/Editor/Data/Managed'
Mono path[1] = 'C:/Program Files/UnityProjects/2020.3.30f1/Editor/Data/MonoBleedingEdge/lib/mono/unityjit'
Mono config path = 'C:/Program Files/UnityProjects/2020.3.30f1/Editor/Data/MonoBleedingEdge/etc'
Using monoOptions --debugger-agent=transport=dt_socket,embedding=1,server=y,suspend=n,address=127.0.0.1:56220
Begin MonoManager ReloadAssembly
Registering precompiled unity dll's ...
Register platform support module: C:/Program Files/UnityProjects/2020.3.30f1/Editor/Data/PlaybackEngines/WebGLSupport/UnityEditor.WebGL.Extensions.dll
Register platform support module: C:/Program Files/UnityProjects/2020.3.30f1/Editor/Data/PlaybackEngines/WindowsStandaloneSupport/UnityEditor.WindowsStandalone.Extensions.dll
Registered in 0.001600 seconds.
Native extension for WindowsStandalone target not found
Native extension for WebGL target not found
Refreshing native plugins compatible for Editor in 20.79 ms, found 2 plugins.
Preloading 0 native plugins for Editor in 0.00 ms.
Mono: successfully reloaded assembly
- Completed reload, in  0.374 seconds
Domain Reload Profiling:
	ReloadAssembly (374ms)
		BeginReloadAssembly (42ms)
			ExecutionOrderSort (0ms)
			DisableScriptedObjects (0ms)
			BackupInstance (0ms)
			ReleaseScriptingObjects (0ms)
			CreateAndSetChildDomain (1ms)
		EndReloadAssembly (285ms)
			LoadAssemblies (41ms)
			RebuildTransferFunctionScriptingTraits (0ms)
			SetupTypeCache (90ms)
			ReleaseScriptCaches (0ms)
			RebuildScriptCaches (18ms)
			SetupLoadedEditorAssemblies (107ms)
				LogAssemblyErrors (0ms)
				InitializePlatformSupportModulesInManaged (3ms)
				SetLoadedEditorAssemblies (0ms)
				RefreshPlugins (21ms)
				BeforeProcessingInitializeOnLoad (11ms)
				ProcessInitializeOnLoadAttributes (54ms)
				ProcessInitializeOnLoadMethodAttributes (18ms)
				AfterProcessingInitializeOnLoad (0ms)
				EditorAssembliesLoaded (0ms)
			ExecutionOrderSort2 (0ms)
			AwakeInstancesAfterBackupRestoration (0ms)
Platform modules already initialized, skipping
Registering precompiled user dll's ...
Registered in 0.001927 seconds.
Begin MonoManager ReloadAssembly
Native extension for WindowsStandalone target not found
Native extension for WebGL target not found
Refreshing native plugins compatible for Editor in 0.27 ms, found 2 plugins.
Preloading 0 native plugins for Editor in 0.00 ms.
Mono: successfully reloaded assembly
- Completed reload, in  0.610 seconds
Domain Reload Profiling:
	ReloadAssembly (610ms)
		BeginReloadAssembly (94ms)
			ExecutionOrderSort (0ms)
			DisableScriptedObjects (3ms)
			BackupInstance (0ms)
			ReleaseScriptingObjects (0ms)
			CreateAndSetChildDomain (13ms)
		EndReloadAssembly (477ms)
			LoadAssemblies (58ms)
			RebuildTransferFunctionScriptingTraits (0ms)
			SetupTypeCache (153ms)
			ReleaseScriptCaches (0ms)
			RebuildScriptCaches (23ms)
			SetupLoadedEditorAssemblies (192ms)
				LogAssemblyErrors (0ms)
				InitializePlatformSupportModulesInManaged (4ms)
				SetLoadedEditorAssemblies (0ms)
				RefreshPlugins (0ms)
				BeforeProcessingInitializeOnLoad (48ms)
				ProcessInitializeOnLoadAttributes (129ms)
				ProcessInitializeOnLoadMethodAttributes (6ms)
				AfterProcessingInitializeOnLoad (4ms)
				EditorAssembliesLoaded (0ms)
			ExecutionOrderSort2 (0ms)
			AwakeInstancesAfterBackupRestoration (4ms)
Platform modules already initialized, skipping
========================================================================
Worker process is ready to serve import requests
Launched and connected shader compiler UnityShaderCompiler.exe after 0.03 seconds
Refreshing native plugins compatible for Editor in 0.27 ms, found 2 plugins.
Preloading 0 native plugins for Editor in 0.00 ms.
Unloading 1215 Unused Serialized files (Serialized files now loaded: 0)
System memory in use before: 62.3 MB.
System memory in use after: 62.4 MB.

Unloading 15 unused Assets to reduce memory usage. Loaded Objects now: 1651.
Total: 2.058900 ms (FindLiveObjects: 0.083900 ms CreateObjectMapping: 0.030900 ms MarkObjects: 1.899900 ms  DeleteObjects: 0.043500 ms)

AssetImportParameters requested are different than current active one (requested -> active):
  custom:framework-win-MediaFoundation: 216162199b28c13a410421893ffa2e32 -> 
  custom:video-decoder-ogg-theora: a1e56fd34408186e4bbccfd4996cb3dc -> 
  custom:container-muxer-webm: aa71ff27fc2769a1b78a27578f13a17b -> 
  custom:container-demuxer-webm: 4f35f7cbe854078d1ac9338744f61a02 -> 
  custom:container-demuxer-ogg: 62fdf1f143b41e24485cea50d1cbac27 -> 
  custom:video-encoder-webm-vp8: eb34c28f22e8b96e1ab97ce403110664 -> 
  custom:video-decoder-webm-vp8: 9c59270c3fd7afecdb556c50c9e8de78 -> 
  custom:audio-decoder-ogg-vorbis: bf7c407c2cedff20999df2af8eb42d56 -> 
  custom:audio-encoder-webm-vorbis: bf7c407c2cedff20999df2af8eb42d56 -> 
========================================================================
Received Import Request.
  path: Assets/Prefabs/Enemies/Enemy (Big Yeti).prefab
  artifactKey: Guid(f37e7e47d8c29f146a9fa5eb83cade3e) Importer(815301076,1909f56bfc062723c751e8b465ee728b)
Start importing Assets/Prefabs/Enemies/Enemy (Big Yeti).prefab using Guid(f37e7e47d8c29f146a9fa5eb83cade3e) Importer(815301076,1909f56bfc062723c751e8b465ee728b)  -> (artifact id: '552c04e24c6d8c8f94730d9cbcc676d7') in 0.081769 seconds 
========================================================================
Received Import Request.
  Time since last request: 0.047140 seconds.
  path: Assets/Prefabs/Enemies/Enemy (Big Yeti).prefab
  artifactKey: Guid(f37e7e47d8c29f146a9fa5eb83cade3e) Importer(815301076,1909f56bfc062723c751e8b465ee728b)
Start importing Assets/Prefabs/Enemies/Enemy (Big Yeti).prefab using Guid(f37e7e47d8c29f146a9fa5eb83cade3e) Importer(815301076,1909f56bfc062723c751e8b465ee728b)  -> (artifact id: '26e482fe290d0be41708035420f7bc63') in 0.010415 seconds 
========================================================================
Received Import Request.
  Time since last request: 1.608468 seconds.
  path: Assets/Prefabs/Enemies/Enemy (Big Yeti).prefab
  artifactKey: Guid(f37e7e47d8c29f146a9fa5eb83cade3e) Importer(815301076,1909f56bfc062723c751e8b465ee728b)
Start importing Assets/Prefabs/Enemies/Enemy (Big Yeti).prefab using Guid(f37e7e47d8c29f146a9fa5eb83cade3e) Importer(815301076,1909f56bfc062723c751e8b465ee728b)  -> (artifact id: '4c5e93523a3bf1d50432d2621fb22c1f') in 0.009284 seconds 
========================================================================
Received Import Request.
  Time since last request: 7.059038 seconds.
  path: Assets/Prefabs/Enemies/Enemy (Big Cyclops).prefab
  artifactKey: Guid(8261825cafc663147b69d5d4ea816a66) Importer(815301076,1909f56bfc062723c751e8b465ee728b)
Start importing Assets/Prefabs/Enemies/Enemy (Big Cyclops).prefab using Guid(8261825cafc663147b69d5d4ea816a66) Importer(815301076,1909f56bfc062723c751e8b465ee728b)  -> (artifact id: 'd4ff78287719968364db7f01501037c2') in 0.030929 seconds 
========================================================================
Received Import Request.
  Time since last request: 2.178908 seconds.
  path: Assets/Prefabs/Enemies/Enemy (Big Cyclops).prefab
  artifactKey: Guid(8261825cafc663147b69d5d4ea816a66) Importer(815301076,1909f56bfc062723c751e8b465ee728b)
Start importing Assets/Prefabs/Enemies/Enemy (Big Cyclops).prefab using Guid(8261825cafc663147b69d5d4ea816a66) Importer(815301076,1909f56bfc062723c751e8b465ee728b)  -> (artifact id: 'da740b6bbf435f501579bdd7218b48e2') in 0.009529 seconds 
========================================================================
Received Import Request.
  Time since last request: 3.825805 seconds.
  path: Assets/Prefabs/Enemies/Enemy (Big Cyclops).prefab
  artifactKey: Guid(8261825cafc663147b69d5d4ea816a66) Importer(815301076,1909f56bfc062723c751e8b465ee728b)
Start importing Assets/Prefabs/Enemies/Enemy (Big Cyclops).prefab using Guid(8261825cafc663147b69d5d4ea816a66) Importer(815301076,1909f56bfc062723c751e8b465ee728b)  -> (artifact id: '49a7f5d4e5fd17c7aa601096fb3dc258') in 0.018319 seconds 
========================================================================
Received Import Request.
  Time since last request: 1538.083895 seconds.
  path: Assets/Prefabs/Enemies/Enemy (UFO) .prefab
  artifactKey: Guid(104f092dfe94c3f48abaeae439b1fb1c) Importer(815301076,1909f56bfc062723c751e8b465ee728b)
Start importing Assets/Prefabs/Enemies/Enemy (UFO) .prefab using Guid(104f092dfe94c3f48abaeae439b1fb1c) Importer(815301076,1909f56bfc062723c751e8b465ee728b)  -> (artifact id: 'db6f9345b06001653a4d70cc39d055ee') in 0.020223 seconds 
========================================================================
Received Import Request.
  Time since last request: 7.103545 seconds.
  path: Assets/Prefabs/Enemies/Enemy (UFO) .prefab
  artifactKey: Guid(104f092dfe94c3f48abaeae439b1fb1c) Importer(815301076,1909f56bfc062723c751e8b465ee728b)
Start importing Assets/Prefabs/Enemies/Enemy (UFO) .prefab using Guid(104f092dfe94c3f48abaeae439b1fb1c) Importer(815301076,1909f56bfc062723c751e8b465ee728b)  -> (artifact id: '54193371694f6391d5ff06ab2fe383dd') in 0.007319 seconds 
========================================================================
Received Import Request.
  Time since last request: 3.208174 seconds.
  path: Assets/Prefabs/Enemies/Enemy (UFO) .prefab
  artifactKey: Guid(104f092dfe94c3f48abaeae439b1fb1c) Importer(815301076,1909f56bfc062723c751e8b465ee728b)
Start importing Assets/Prefabs/Enemies/Enemy (UFO) .prefab using Guid(104f092dfe94c3f48abaeae439b1fb1c) Importer(815301076,1909f56bfc062723c751e8b465ee728b)  -> (artifact id: '05669dcddea334fa19e68ec5d5202764') in 0.007040 seconds 
========================================================================
Received Import Request.
  Time since last request: 6.043261 seconds.
  path: Assets/Prefabs/Enemies/Enemy (UFO) .prefab
  artifactKey: Guid(104f092dfe94c3f48abaeae439b1fb1c) Importer(815301076,1909f56bfc062723c751e8b465ee728b)
Start importing Assets/Prefabs/Enemies/Enemy (UFO) .prefab using Guid(104f092dfe94c3f48abaeae439b1fb1c) Importer(815301076,1909f56bfc062723c751e8b465ee728b)  -> (artifact id: '0254dc5d4dd4e5da53ae266d8944afcd') in 0.007212 seconds 
========================================================================
Received Import Request.
  Time since last request: 0.997394 seconds.
  path: Assets/Prefabs/Enemies/Enemy (UFO) .prefab
  artifactKey: Guid(104f092dfe94c3f48abaeae439b1fb1c) Importer(815301076,1909f56bfc062723c751e8b465ee728b)
Start importing Assets/Prefabs/Enemies/Enemy (UFO) .prefab using Guid(104f092dfe94c3f48abaeae439b1fb1c) Importer(815301076,1909f56bfc062723c751e8b465ee728b)  -> (artifact id: '11996d6e3108a511e3a7912d51d1ad20') in 0.007327 seconds 
========================================================================
Received Import Request.
  Time since last request: 3.410679 seconds.
  path: Assets/Prefabs/Enemies/Enemy (UFO) .prefab
  artifactKey: Guid(104f092dfe94c3f48abaeae439b1fb1c) Importer(815301076,1909f56bfc062723c751e8b465ee728b)
Start importing Assets/Prefabs/Enemies/Enemy (UFO) .prefab using Guid(104f092dfe94c3f48abaeae439b1fb1c) Importer(815301076,1909f56bfc062723c751e8b465ee728b)  -> (artifact id: '27eb844d86dc56099f62f915644db097') in 0.007270 seconds 
========================================================================
Received Import Request.
  Time since last request: 4.816686 seconds.
  path: Assets/Prefabs/Enemies/Enemy (UFO) .prefab
  artifactKey: Guid(104f092dfe94c3f48abaeae439b1fb1c) Importer(815301076,1909f56bfc062723c751e8b465ee728b)
Start importing Assets/Prefabs/Enemies/Enemy (UFO) .prefab using Guid(104f092dfe94c3f48abaeae439b1fb1c) Importer(815301076,1909f56bfc062723c751e8b465ee728b)  -> (artifact id: '8b775aa6810d365f70f7341191bfbc40') in 0.007098 seconds 
========================================================================
Received Import Request.
  Time since last request: 14.069224 seconds.
  path: Assets/Prefabs/Enemies/Enemy (UFO) .prefab
  artifactKey: Guid(104f092dfe94c3f48abaeae439b1fb1c) Importer(815301076,1909f56bfc062723c751e8b465ee728b)
Start importing Assets/Prefabs/Enemies/Enemy (UFO) .prefab using Guid(104f092dfe94c3f48abaeae439b1fb1c) Importer(815301076,1909f56bfc062723c751e8b465ee728b)  -> (artifact id: 'f44ab3b0dc07e871704f67f6135ea675') in 0.006997 seconds 
========================================================================
Received Import Request.
  Time since last request: 6.704375 seconds.
  path: Assets/Prefabs/Enemies/Enemy (UFO) .prefab
  artifactKey: Guid(104f092dfe94c3f48abaeae439b1fb1c) Importer(815301076,1909f56bfc062723c751e8b465ee728b)
Start importing Assets/Prefabs/Enemies/Enemy (UFO) .prefab using Guid(104f092dfe94c3f48abaeae439b1fb1c) Importer(815301076,1909f56bfc062723c751e8b465ee728b)  -> (artifact id: 'b6e2992911494b81a6d798ab4f52ef10') in 0.034821 seconds 
========================================================================
Received Import Request.
  Time since last request: 7.252644 seconds.
  path: Assets/Prefabs/Enemies/Enemy (UFO) .prefab
  artifactKey: Guid(104f092dfe94c3f48abaeae439b1fb1c) Importer(815301076,1909f56bfc062723c751e8b465ee728b)
Start importing Assets/Prefabs/Enemies/Enemy (UFO) .prefab using Guid(104f092dfe94c3f48abaeae439b1fb1c) Importer(815301076,1909f56bfc062723c751e8b465ee728b)  -> (artifact id: '1090b9506cebc8dfc458f2f3e25910a2') in 0.007066 seconds 
========================================================================
Received Import Request.
  Time since last request: 5.234255 seconds.
  path: Assets/Prefabs/Enemies/Enemy (UFO) .prefab
  artifactKey: Guid(104f092dfe94c3f48abaeae439b1fb1c) Importer(815301076,1909f56bfc062723c751e8b465ee728b)
Start importing Assets/Prefabs/Enemies/Enemy (UFO) .prefab using Guid(104f092dfe94c3f48abaeae439b1fb1c) Importer(815301076,1909f56bfc062723c751e8b465ee728b)  -> (artifact id: 'a6711fc4e907eb696856689590120e3e') in 0.015566 seconds 
========================================================================
Received Import Request.
  Time since last request: 3.206904 seconds.
  path: Assets/Prefabs/Enemies/Enemy (UFO) .prefab
  artifactKey: Guid(104f092dfe94c3f48abaeae439b1fb1c) Importer(815301076,1909f56bfc062723c751e8b465ee728b)
Start importing Assets/Prefabs/Enemies/Enemy (UFO) .prefab using Guid(104f092dfe94c3f48abaeae439b1fb1c) Importer(815301076,1909f56bfc062723c751e8b465ee728b)  -> (artifact id: 'eab3af720dbdc78098837ffed86a211d') in 0.009067 seconds 
========================================================================
Received Import Request.
  Time since last request: 5.419782 seconds.
  path: Assets/Prefabs/Enemies/Enemy (UFO) .prefab
  artifactKey: Guid(104f092dfe94c3f48abaeae439b1fb1c) Importer(815301076,1909f56bfc062723c751e8b465ee728b)
Start importing Assets/Prefabs/Enemies/Enemy (UFO) .prefab using Guid(104f092dfe94c3f48abaeae439b1fb1c) Importer(815301076,1909f56bfc062723c751e8b465ee728b)  -> (artifact id: '055fc9892eeede2366394cd16de5c02d') in 0.008192 seconds 
========================================================================
Received Import Request.
  Time since last request: 25.559596 seconds.
  path: Assets/Prefabs/Enemies/Enemy (UFO) .prefab
  artifactKey: Guid(104f092dfe94c3f48abaeae439b1fb1c) Importer(815301076,1909f56bfc062723c751e8b465ee728b)
Start importing Assets/Prefabs/Enemies/Enemy (UFO) .prefab using Guid(104f092dfe94c3f48abaeae439b1fb1c) Importer(815301076,1909f56bfc062723c751e8b465ee728b)  -> (artifact id: 'f33cc31e47f65f66ed0421c1aaa998d2') in 0.007043 seconds 
========================================================================
Received Import Request.
  Time since last request: 5.622698 seconds.
  path: Assets/Prefabs/Enemies/Enemy (UFO) .prefab
  artifactKey: Guid(104f092dfe94c3f48abaeae439b1fb1c) Importer(815301076,1909f56bfc062723c751e8b465ee728b)
Start importing Assets/Prefabs/Enemies/Enemy (UFO) .prefab using Guid(104f092dfe94c3f48abaeae439b1fb1c) Importer(815301076,1909f56bfc062723c751e8b465ee728b)  -> (artifact id: 'f28b3c0986d730861b4eff17a2b0947e') in 0.007230 seconds 
========================================================================
Received Import Request.
  Time since last request: 9.676254 seconds.
  path: Assets/Prefabs/Enemies/Enemy (UFO) .prefab
  artifactKey: Guid(104f092dfe94c3f48abaeae439b1fb1c) Importer(815301076,1909f56bfc062723c751e8b465ee728b)
Start importing Assets/Prefabs/Enemies/Enemy (UFO) .prefab using Guid(104f092dfe94c3f48abaeae439b1fb1c) Importer(815301076,1909f56bfc062723c751e8b465ee728b)  -> (artifact id: '4efed1541b54612c2d8ba513f4128c7f') in 0.008728 seconds 
========================================================================
Received Import Request.
  Time since last request: 14.100576 seconds.
  path: Assets/Prefabs/Enemies/Enemy (UFO) .prefab
  artifactKey: Guid(104f092dfe94c3f48abaeae439b1fb1c) Importer(815301076,1909f56bfc062723c751e8b465ee728b)
Start importing Assets/Prefabs/Enemies/Enemy (UFO) .prefab using Guid(104f092dfe94c3f48abaeae439b1fb1c) Importer(815301076,1909f56bfc062723c751e8b465ee728b)  -> (artifact id: 'f68513039e14563e2746f459190a590c') in 0.007552 seconds 
========================================================================
Received Import Request.
  Time since last request: 13.684024 seconds.
  path: Assets/Prefabs/Enemies/Enemy (UFO) .prefab
  artifactKey: Guid(104f092dfe94c3f48abaeae439b1fb1c) Importer(815301076,1909f56bfc062723c751e8b465ee728b)
Start importing Assets/Prefabs/Enemies/Enemy (UFO) .prefab using Guid(104f092dfe94c3f48abaeae439b1fb1c) Importer(815301076,1909f56bfc062723c751e8b465ee728b)  -> (artifact id: '1a1eb395838823bc0c76292c9ebeca32') in 0.006912 seconds 
========================================================================
Received Import Request.
  Time since last request: 22.241175 seconds.
  path: Assets/Prefabs/Enemies/Enemy (UFO) .prefab
  artifactKey: Guid(104f092dfe94c3f48abaeae439b1fb1c) Importer(815301076,1909f56bfc062723c751e8b465ee728b)
Start importing Assets/Prefabs/Enemies/Enemy (UFO) .prefab using Guid(104f092dfe94c3f48abaeae439b1fb1c) Importer(815301076,1909f56bfc062723c751e8b465ee728b)  -> (artifact id: 'aec479b358e75f611c7923826bc84335') in 0.007310 seconds 
========================================================================
Received Import Request.
  Time since last request: 14.195558 seconds.
  path: Assets/Prefabs/Enemies/Enemy (UFO) .prefab
  artifactKey: Guid(104f092dfe94c3f48abaeae439b1fb1c) Importer(815301076,1909f56bfc062723c751e8b465ee728b)
Start importing Assets/Prefabs/Enemies/Enemy (UFO) .prefab using Guid(104f092dfe94c3f48abaeae439b1fb1c) Importer(815301076,1909f56bfc062723c751e8b465ee728b)  -> (artifact id: 'bccfbd55575760dc74a31e02f4cecd62') in 0.014023 seconds 
========================================================================
Received Import Request.
  Time since last request: 8.087854 seconds.
  path: Assets/Prefabs/Enemies/Enemy (UFO) .prefab
  artifactKey: Guid(104f092dfe94c3f48abaeae439b1fb1c) Importer(815301076,1909f56bfc062723c751e8b465ee728b)
Start importing Assets/Prefabs/Enemies/Enemy (UFO) .prefab using Guid(104f092dfe94c3f48abaeae439b1fb1c) Importer(815301076,1909f56bfc062723c751e8b465ee728b)  -> (artifact id: '04842edeec858763bf66abe278341105') in 0.007879 seconds 
========================================================================
Received Import Request.
  Time since last request: 7.029281 seconds.
  path: Assets/Prefabs/Enemies/Enemy (UFO) .prefab
  artifactKey: Guid(104f092dfe94c3f48abaeae439b1fb1c) Importer(815301076,1909f56bfc062723c751e8b465ee728b)
Start importing Assets/Prefabs/Enemies/Enemy (UFO) .prefab using Guid(104f092dfe94c3f48abaeae439b1fb1c) Importer(815301076,1909f56bfc062723c751e8b465ee728b)  -> (artifact id: '881da74108778588c833b2895492ca92') in 0.007280 seconds 
========================================================================
Received Import Request.
  Time since last request: 14.907930 seconds.
  path: Assets/Prefabs/Enemies/Enemy (UFO) .prefab
  artifactKey: Guid(104f092dfe94c3f48abaeae439b1fb1c) Importer(815301076,1909f56bfc062723c751e8b465ee728b)
Start importing Assets/Prefabs/Enemies/Enemy (UFO) .prefab using Guid(104f092dfe94c3f48abaeae439b1fb1c) Importer(815301076,1909f56bfc062723c751e8b465ee728b)  -> (artifact id: '5ed7742ebf0bc344474ed7ff56b2de0c') in 0.007596 seconds 
========================================================================
Received Import Request.
  Time since last request: 1.806787 seconds.
  path: Assets/Prefabs/Enemies/Enemy (UFO) .prefab
  artifactKey: Guid(104f092dfe94c3f48abaeae439b1fb1c) Importer(815301076,1909f56bfc062723c751e8b465ee728b)
Start importing Assets/Prefabs/Enemies/Enemy (UFO) .prefab using Guid(104f092dfe94c3f48abaeae439b1fb1c) Importer(815301076,1909f56bfc062723c751e8b465ee728b)  -> (artifact id: 'c13257b71fe21cc987f0787a647b00ba') in 0.015864 seconds 
========================================================================
Received Import Request.
  Time since last request: 4.399219 seconds.
  path: Assets/Prefabs/Enemies/Enemy (UFO) .prefab
  artifactKey: Guid(104f092dfe94c3f48abaeae439b1fb1c) Importer(815301076,1909f56bfc062723c751e8b465ee728b)
Start importing Assets/Prefabs/Enemies/Enemy (UFO) .prefab using Guid(104f092dfe94c3f48abaeae439b1fb1c) Importer(815301076,1909f56bfc062723c751e8b465ee728b)  -> (artifact id: '72e3ec680d5d85f4e22ec312a322a290') in 0.007726 seconds 
========================================================================
Received Import Request.
  Time since last request: 1.604294 seconds.
  path: Assets/Prefabs/Enemies/Enemy (UFO) .prefab
  artifactKey: Guid(104f092dfe94c3f48abaeae439b1fb1c) Importer(815301076,1909f56bfc062723c751e8b465ee728b)
Start importing Assets/Prefabs/Enemies/Enemy (UFO) .prefab using Guid(104f092dfe94c3f48abaeae439b1fb1c) Importer(815301076,1909f56bfc062723c751e8b465ee728b)  -> (artifact id: '98e47a920a7129a60f3acd5f6f96ea8b') in 0.007986 seconds 
========================================================================
Received Import Request.
  Time since last request: 2.404626 seconds.
  path: Assets/Prefabs/Enemies/Enemy (UFO) .prefab
  artifactKey: Guid(104f092dfe94c3f48abaeae439b1fb1c) Importer(815301076,1909f56bfc062723c751e8b465ee728b)
Start importing Assets/Prefabs/Enemies/Enemy (UFO) .prefab using Guid(104f092dfe94c3f48abaeae439b1fb1c) Importer(815301076,1909f56bfc062723c751e8b465ee728b)  -> (artifact id: '544a7ea7625c8fb0d01365d31e1fe7e7') in 0.007312 seconds 
========================================================================
Received Import Request.
  Time since last request: 8.025783 seconds.
  path: Assets/Prefabs/Enemies/Enemy (UFO) .prefab
  artifactKey: Guid(104f092dfe94c3f48abaeae439b1fb1c) Importer(815301076,1909f56bfc062723c751e8b465ee728b)
Start importing Assets/Prefabs/Enemies/Enemy (UFO) .prefab using Guid(104f092dfe94c3f48abaeae439b1fb1c) Importer(815301076,1909f56bfc062723c751e8b465ee728b)  -> (artifact id: 'cf0142ee7202601d33f8624f7f42e835') in 0.006885 seconds 
========================================================================
Received Import Request.
  Time since last request: 4.415479 seconds.
  path: Assets/Prefabs/Enemies/Enemy (UFO) .prefab
  artifactKey: Guid(104f092dfe94c3f48abaeae439b1fb1c) Importer(815301076,1909f56bfc062723c751e8b465ee728b)
Start importing Assets/Prefabs/Enemies/Enemy (UFO) .prefab using Guid(104f092dfe94c3f48abaeae439b1fb1c) Importer(815301076,1909f56bfc062723c751e8b465ee728b)  -> (artifact id: '7238c8b7c2ba411cdf8727e2aaab37c9') in 0.010632 seconds 
========================================================================
Received Import Request.
  Time since last request: 9.033763 seconds.
  path: Assets/Prefabs/Enemies/Enemy (UFO) .prefab
  artifactKey: Guid(104f092dfe94c3f48abaeae439b1fb1c) Importer(815301076,1909f56bfc062723c751e8b465ee728b)
Start importing Assets/Prefabs/Enemies/Enemy (UFO) .prefab using Guid(104f092dfe94c3f48abaeae439b1fb1c) Importer(815301076,1909f56bfc062723c751e8b465ee728b)  -> (artifact id: 'de8729547be4d8bac9034058a4ca5b2e') in 0.011879 seconds 
========================================================================
Received Import Request.
  Time since last request: 0.990334 seconds.
  path: Assets/Prefabs/Enemies/Enemy (UFO) .prefab
  artifactKey: Guid(104f092dfe94c3f48abaeae439b1fb1c) Importer(815301076,1909f56bfc062723c751e8b465ee728b)
Start importing Assets/Prefabs/Enemies/Enemy (UFO) .prefab using Guid(104f092dfe94c3f48abaeae439b1fb1c) Importer(815301076,1909f56bfc062723c751e8b465ee728b)  -> (artifact id: 'b62d0db35ecb4fe2cc04622f969d490a') in 0.014771 seconds 
========================================================================
Received Import Request.
  Time since last request: 7.423915 seconds.
  path: Assets/Prefabs/Enemies/Enemy (UFO) .prefab
  artifactKey: Guid(104f092dfe94c3f48abaeae439b1fb1c) Importer(815301076,1909f56bfc062723c751e8b465ee728b)
Start importing Assets/Prefabs/Enemies/Enemy (UFO) .prefab using Guid(104f092dfe94c3f48abaeae439b1fb1c) Importer(815301076,1909f56bfc062723c751e8b465ee728b)  -> (artifact id: '5cde058496dbbc621360d79a68b0331f') in 0.010925 seconds 
========================================================================
Received Import Request.
  Time since last request: 1.606956 seconds.
  path: Assets/Prefabs/Enemies/Enemy (UFO) .prefab
  artifactKey: Guid(104f092dfe94c3f48abaeae439b1fb1c) Importer(815301076,1909f56bfc062723c751e8b465ee728b)
Start importing Assets/Prefabs/Enemies/Enemy (UFO) .prefab using Guid(104f092dfe94c3f48abaeae439b1fb1c) Importer(815301076,1909f56bfc062723c751e8b465ee728b)  -> (artifact id: '6789ce9847ac08164909b1a6ed071b9c') in 0.008025 seconds 
========================================================================
Received Import Request.
  Time since last request: 5.017362 seconds.
  path: Assets/Prefabs/Enemies/Enemy (UFO) .prefab
  artifactKey: Guid(104f092dfe94c3f48abaeae439b1fb1c) Importer(815301076,1909f56bfc062723c751e8b465ee728b)
Start importing Assets/Prefabs/Enemies/Enemy (UFO) .prefab using Guid(104f092dfe94c3f48abaeae439b1fb1c) Importer(815301076,1909f56bfc062723c751e8b465ee728b)  -> (artifact id: '127321577baae3fc8ecf4f829b6809e4') in 0.012032 seconds 
========================================================================
Received Import Request.
  Time since last request: 1.198290 seconds.
  path: Assets/Prefabs/Enemies/Enemy (UFO) .prefab
  artifactKey: Guid(104f092dfe94c3f48abaeae439b1fb1c) Importer(815301076,1909f56bfc062723c751e8b465ee728b)
Start importing Assets/Prefabs/Enemies/Enemy (UFO) .prefab using Guid(104f092dfe94c3f48abaeae439b1fb1c) Importer(815301076,1909f56bfc062723c751e8b465ee728b)  -> (artifact id: '140102af02b85648e9d857ae14cc44a7') in 0.007429 seconds 
========================================================================
Received Import Request.
  Time since last request: 131.549718 seconds.
  path: Assets/Tower Defence Assets/Models/Kenney Tower Defence Kit/Materials/red.mat
  artifactKey: Guid(d154b85efac053f4e93ef379b5d7433d) Importer(815301076,1909f56bfc062723c751e8b465ee728b)
Start importing Assets/Tower Defence Assets/Models/Kenney Tower Defence Kit/Materials/red.mat using Guid(d154b85efac053f4e93ef379b5d7433d) Importer(815301076,1909f56bfc062723c751e8b465ee728b)  -> (artifact id: '5589266915a5afaebf1058b68ee09995') in 0.025450 seconds 
========================================================================
Received Import Request.
  Time since last request: 115.628443 seconds.
  path: Assets/Prefabs/Enemies/Enemy (Big Yeti).prefab
  artifactKey: Guid(f37e7e47d8c29f146a9fa5eb83cade3e) Importer(815301076,1909f56bfc062723c751e8b465ee728b)
Start importing Assets/Prefabs/Enemies/Enemy (Big Yeti).prefab using Guid(f37e7e47d8c29f146a9fa5eb83cade3e) Importer(815301076,1909f56bfc062723c751e8b465ee728b)  -> (artifact id: 'b0a0dce9b66422b1ce860179cf6766c2') in 0.014585 seconds 
========================================================================
Received Import Request.
  Time since last request: 2.799087 seconds.
  path: Assets/Prefabs/Enemies/Enemy (Big Cyclops).prefab
  artifactKey: Guid(8261825cafc663147b69d5d4ea816a66) Importer(815301076,1909f56bfc062723c751e8b465ee728b)
Start importing Assets/Prefabs/Enemies/Enemy (Big Cyclops).prefab using Guid(8261825cafc663147b69d5d4ea816a66) Importer(815301076,1909f56bfc062723c751e8b465ee728b)  -> (artifact id: '821c12dcdb0abaeb28e6aef70980aa5c') in 0.010441 seconds 
========================================================================
Received Import Request.
  Time since last request: 222.913493 seconds.
  path: Assets/Prefabs/Enemies/Enemy (Big Demon).prefab
  artifactKey: Guid(3383558e11975a34b99e65397bc2a000) Importer(815301076,1909f56bfc062723c751e8b465ee728b)
Start importing Assets/Prefabs/Enemies/Enemy (Big Demon).prefab using Guid(3383558e11975a34b99e65397bc2a000) Importer(815301076,1909f56bfc062723c751e8b465ee728b)  -> (artifact id: '73d366e2be101618cdd88830414a729b') in 0.010282 seconds 
========================================================================
Received Import Request.
  Time since last request: 30.915371 seconds.
  path: Assets/Prefabs/Enemies/Enemy (Big Yeti).prefab
  artifactKey: Guid(f37e7e47d8c29f146a9fa5eb83cade3e) Importer(815301076,1909f56bfc062723c751e8b465ee728b)
Start importing Assets/Prefabs/Enemies/Enemy (Big Yeti).prefab using Guid(f37e7e47d8c29f146a9fa5eb83cade3e) Importer(815301076,1909f56bfc062723c751e8b465ee728b)  -> (artifact id: '83ca5b02436517d9c0d776c2204de5dc') in 0.026062 seconds 
========================================================================
Received Import Request.
  Time since last request: 30.784834 seconds.
  path: Assets/Prefabs/Enemies/Enemy (Cactus).prefab
  artifactKey: Guid(7c4820af2661e7e4f9d370e0d4812f95) Importer(815301076,1909f56bfc062723c751e8b465ee728b)
Start importing Assets/Prefabs/Enemies/Enemy (Cactus).prefab using Guid(7c4820af2661e7e4f9d370e0d4812f95) Importer(815301076,1909f56bfc062723c751e8b465ee728b)  -> (artifact id: 'de29c98f75b66426cdd0c3687ad83394') in 0.028047 seconds 
========================================================================
Received Import Request.
  Time since last request: 10.374188 seconds.
  path: Assets/Prefabs/Enemies/Enemy (Alien Tall).prefab
  artifactKey: Guid(9a9c88ca29882754d93f37859a9502b3) Importer(815301076,1909f56bfc062723c751e8b465ee728b)
Start importing Assets/Prefabs/Enemies/Enemy (Alien Tall).prefab using Guid(9a9c88ca29882754d93f37859a9502b3) Importer(815301076,1909f56bfc062723c751e8b465ee728b)  -> (artifact id: '236d84e322eb9a5eaeea39a70e1d63b3') in 0.028390 seconds 
========================================================================
Received Import Request.
  Time since last request: 4.487502 seconds.
  path: Assets/Prefabs/Enemies/Enemy (Big Yeti).prefab
  artifactKey: Guid(f37e7e47d8c29f146a9fa5eb83cade3e) Importer(815301076,1909f56bfc062723c751e8b465ee728b)
Start importing Assets/Prefabs/Enemies/Enemy (Big Yeti).prefab using Guid(f37e7e47d8c29f146a9fa5eb83cade3e) Importer(815301076,1909f56bfc062723c751e8b465ee728b)  -> (artifact id: 'e8cb6896daf59fad2ea4bbabc7803d26') in 0.012474 seconds 
========================================================================
Received Import Request.
  Time since last request: 3.892377 seconds.
  path: Assets/Prefabs/Enemies/Enemy (Big Demon).prefab
  artifactKey: Guid(3383558e11975a34b99e65397bc2a000) Importer(815301076,1909f56bfc062723c751e8b465ee728b)
Start importing Assets/Prefabs/Enemies/Enemy (Big Demon).prefab using Guid(3383558e11975a34b99e65397bc2a000) Importer(815301076,1909f56bfc062723c751e8b465ee728b)  -> (artifact id: 'c5bda81a5842edb1d11cc321d3ae32b8') in 0.027615 seconds 
========================================================================
Received Import Request.
  Time since last request: 7.461507 seconds.
  path: Assets/Prefabs/Enemies/Enemy (Big Cyclops).prefab
  artifactKey: Guid(8261825cafc663147b69d5d4ea816a66) Importer(815301076,1909f56bfc062723c751e8b465ee728b)
Start importing Assets/Prefabs/Enemies/Enemy (Big Cyclops).prefab using Guid(8261825cafc663147b69d5d4ea816a66) Importer(815301076,1909f56bfc062723c751e8b465ee728b)  -> (artifact id: 'da7c2daa4a6083664dd9a49dc1b1f748') in 0.027069 seconds 
========================================================================
Received Import Request.
  Time since last request: 10.003780 seconds.
  path: Assets/Prefabs/Enemies/Enemy (Big Cyclops).prefab
  artifactKey: Guid(8261825cafc663147b69d5d4ea816a66) Importer(815301076,1909f56bfc062723c751e8b465ee728b)
Start importing Assets/Prefabs/Enemies/Enemy (Big Cyclops).prefab using Guid(8261825cafc663147b69d5d4ea816a66) Importer(815301076,1909f56bfc062723c751e8b465ee728b)  -> (artifact id: 'ac6d00a2cfb9ed4a68a881360161c32b') in 0.028331 seconds 
========================================================================
Received Import Request.
  Time since last request: 7.839154 seconds.
  path: Assets/Prefabs/Enemies/Enemy (Big Cyclops).prefab
  artifactKey: Guid(8261825cafc663147b69d5d4ea816a66) Importer(815301076,1909f56bfc062723c751e8b465ee728b)
Start importing Assets/Prefabs/Enemies/Enemy (Big Cyclops).prefab using Guid(8261825cafc663147b69d5d4ea816a66) Importer(815301076,1909f56bfc062723c751e8b465ee728b)  -> (artifact id: '939ccec32c88d97b61491d2a1416ba01') in 0.037513 seconds 
========================================================================
Received Import Request.
  Time since last request: 102.107928 seconds.
  path: Assets/Prefabs/Towers/Triple Shot Tower.prefab
  artifactKey: Guid(6106551e029868c49aa0c492ba8dd6af) Importer(815301076,1909f56bfc062723c751e8b465ee728b)
Start importing Assets/Prefabs/Towers/Triple Shot Tower.prefab using Guid(6106551e029868c49aa0c492ba8dd6af) Importer(815301076,1909f56bfc062723c751e8b465ee728b)  -> (artifact id: 'c71624539c236024b2f4a1bcca17ec9b') in 0.018043 seconds 
========================================================================
Received Import Request.
  Time since last request: 7.841381 seconds.
  path: Assets/Prefabs/Towers/Triple Shot Tower.prefab
  artifactKey: Guid(6106551e029868c49aa0c492ba8dd6af) Importer(815301076,1909f56bfc062723c751e8b465ee728b)
Start importing Assets/Prefabs/Towers/Triple Shot Tower.prefab using Guid(6106551e029868c49aa0c492ba8dd6af) Importer(815301076,1909f56bfc062723c751e8b465ee728b)  -> (artifact id: '25fab2b876f45fe2a6097229bf94e0fe') in 0.017226 seconds 
========================================================================
Received Import Request.
  Time since last request: 6.838592 seconds.
  path: Assets/Prefabs/Towers/Triple Shot Tower.prefab
  artifactKey: Guid(6106551e029868c49aa0c492ba8dd6af) Importer(815301076,1909f56bfc062723c751e8b465ee728b)
Start importing Assets/Prefabs/Towers/Triple Shot Tower.prefab using Guid(6106551e029868c49aa0c492ba8dd6af) Importer(815301076,1909f56bfc062723c751e8b465ee728b)  -> (artifact id: '67ff776340f7a344448462099e6e9632') in 0.018632 seconds 
========================================================================
Received Import Request.
  Time since last request: 5.017095 seconds.
  path: Assets/Prefabs/Towers/Triple Shot Tower.prefab
  artifactKey: Guid(6106551e029868c49aa0c492ba8dd6af) Importer(815301076,1909f56bfc062723c751e8b465ee728b)
Start importing Assets/Prefabs/Towers/Triple Shot Tower.prefab using Guid(6106551e029868c49aa0c492ba8dd6af) Importer(815301076,1909f56bfc062723c751e8b465ee728b)  -> (artifact id: '9a0879caddcb0071cb34ac238cc3b1af') in 0.017520 seconds 
========================================================================
Received Import Request.
  Time since last request: 4.815743 seconds.
  path: Assets/Prefabs/Towers/Triple Shot Tower.prefab
  artifactKey: Guid(6106551e029868c49aa0c492ba8dd6af) Importer(815301076,1909f56bfc062723c751e8b465ee728b)
Start importing Assets/Prefabs/Towers/Triple Shot Tower.prefab using Guid(6106551e029868c49aa0c492ba8dd6af) Importer(815301076,1909f56bfc062723c751e8b465ee728b)  -> (artifact id: 'c2de382806db277e64fc7c0a87a5e6da') in 0.012460 seconds 
========================================================================
Received Import Request.
  Time since last request: 10.247842 seconds.
  path: Assets/Prefabs/Towers/Triple Shot Tower.prefab
  artifactKey: Guid(6106551e029868c49aa0c492ba8dd6af) Importer(815301076,1909f56bfc062723c751e8b465ee728b)
Start importing Assets/Prefabs/Towers/Triple Shot Tower.prefab using Guid(6106551e029868c49aa0c492ba8dd6af) Importer(815301076,1909f56bfc062723c751e8b465ee728b)  -> (artifact id: '22c6446291bea2b6b5011a19361bb696') in 0.017029 seconds 
========================================================================
Received Import Request.
  Time since last request: 2.190734 seconds.
  path: Assets/Prefabs/Towers/Triple Shot Tower.prefab
  artifactKey: Guid(6106551e029868c49aa0c492ba8dd6af) Importer(815301076,1909f56bfc062723c751e8b465ee728b)
Start importing Assets/Prefabs/Towers/Triple Shot Tower.prefab using Guid(6106551e029868c49aa0c492ba8dd6af) Importer(815301076,1909f56bfc062723c751e8b465ee728b)  -> (artifact id: '00aa71f561eb7328bfa0534b3ebf9d24') in 0.010515 seconds 
========================================================================
Received Import Request.
  Time since last request: 5.814311 seconds.
  path: Assets/Prefabs/Towers/Triple Shot Tower.prefab
  artifactKey: Guid(6106551e029868c49aa0c492ba8dd6af) Importer(815301076,1909f56bfc062723c751e8b465ee728b)
Start importing Assets/Prefabs/Towers/Triple Shot Tower.prefab using Guid(6106551e029868c49aa0c492ba8dd6af) Importer(815301076,1909f56bfc062723c751e8b465ee728b)  -> (artifact id: '1f608ce8cd7b0550963fc2eeae7823f4') in 0.011002 seconds 
========================================================================
Received Import Request.
  Time since last request: 4.010946 seconds.
  path: Assets/Prefabs/Towers/Triple Shot Tower.prefab
  artifactKey: Guid(6106551e029868c49aa0c492ba8dd6af) Importer(815301076,1909f56bfc062723c751e8b465ee728b)
Start importing Assets/Prefabs/Towers/Triple Shot Tower.prefab using Guid(6106551e029868c49aa0c492ba8dd6af) Importer(815301076,1909f56bfc062723c751e8b465ee728b)  -> (artifact id: '2d2fc1bba8e253c8635e0cbf5fb9d982') in 0.011762 seconds 
========================================================================
Received Import Request.
  Time since last request: 3.208703 seconds.
  path: Assets/Prefabs/Towers/Triple Shot Tower.prefab
  artifactKey: Guid(6106551e029868c49aa0c492ba8dd6af) Importer(815301076,1909f56bfc062723c751e8b465ee728b)
Start importing Assets/Prefabs/Towers/Triple Shot Tower.prefab using Guid(6106551e029868c49aa0c492ba8dd6af) Importer(815301076,1909f56bfc062723c751e8b465ee728b)  -> (artifact id: '44804bb89b519a6f752ec1589bb0db3a') in 0.010106 seconds 
========================================================================
Received Import Request.
  Time since last request: 4.207546 seconds.
  path: Assets/Prefabs/Towers/Triple Shot Tower.prefab
  artifactKey: Guid(6106551e029868c49aa0c492ba8dd6af) Importer(815301076,1909f56bfc062723c751e8b465ee728b)
Start importing Assets/Prefabs/Towers/Triple Shot Tower.prefab using Guid(6106551e029868c49aa0c492ba8dd6af) Importer(815301076,1909f56bfc062723c751e8b465ee728b)  -> (artifact id: '9faadf26bd3e8d868398d8747e0659f8') in 0.011909 seconds 
========================================================================
Received Import Request.
  Time since last request: 17.467420 seconds.
  path: Assets/Prefabs/Towers/Triple Shot Tower.prefab
  artifactKey: Guid(6106551e029868c49aa0c492ba8dd6af) Importer(815301076,1909f56bfc062723c751e8b465ee728b)
Start importing Assets/Prefabs/Towers/Triple Shot Tower.prefab using Guid(6106551e029868c49aa0c492ba8dd6af) Importer(815301076,1909f56bfc062723c751e8b465ee728b)  -> (artifact id: '70d4f420bac4c2679aa4acd16541a6db') in 0.009143 seconds 
========================================================================
Received Import Request.
  Time since last request: 15.865219 seconds.
  path: Assets/Prefabs/Towers/Triple Shot Tower.prefab
  artifactKey: Guid(6106551e029868c49aa0c492ba8dd6af) Importer(815301076,1909f56bfc062723c751e8b465ee728b)
Start importing Assets/Prefabs/Towers/Triple Shot Tower.prefab using Guid(6106551e029868c49aa0c492ba8dd6af) Importer(815301076,1909f56bfc062723c751e8b465ee728b)  -> (artifact id: 'ad847be63a5bb0f529224f54437700db') in 0.018125 seconds 
========================================================================
Received Import Request.
  Time since last request: 6.417977 seconds.
  path: Assets/Prefabs/Towers/Triple Shot Tower.prefab
  artifactKey: Guid(6106551e029868c49aa0c492ba8dd6af) Importer(815301076,1909f56bfc062723c751e8b465ee728b)
Start importing Assets/Prefabs/Towers/Triple Shot Tower.prefab using Guid(6106551e029868c49aa0c492ba8dd6af) Importer(815301076,1909f56bfc062723c751e8b465ee728b)  -> (artifact id: 'e41cde799b1f48a40aee3ca8baffded9') in 0.010546 seconds 
========================================================================
Received Import Request.
  Time since last request: 106.825813 seconds.
  path: Assets/Prefabs/Towers/Triple Shot Tower.prefab
  artifactKey: Guid(6106551e029868c49aa0c492ba8dd6af) Importer(815301076,1909f56bfc062723c751e8b465ee728b)
Start importing Assets/Prefabs/Towers/Triple Shot Tower.prefab using Guid(6106551e029868c49aa0c492ba8dd6af) Importer(815301076,1909f56bfc062723c751e8b465ee728b)  -> (artifact id: '66d8964c8a908651f96e82ec98b8388a') in 0.015730 seconds 
========================================================================
Received Import Request.
  Time since last request: 485.041446 seconds.
  path: Assets/Scenes/Main Menu.unity
  artifactKey: Guid(120c5603e21a5e646b33eef5d70d2c8c) Importer(815301076,1909f56bfc062723c751e8b465ee728b)
Start importing Assets/Scenes/Main Menu.unity using Guid(120c5603e21a5e646b33eef5d70d2c8c) Importer(815301076,1909f56bfc062723c751e8b465ee728b)  -> (artifact id: '53859fa4a4a7ff7bfe5a0daaaeee8c54') in 0.004531 seconds 
========================================================================
Received Import Request.
  Time since last request: 3026.447045 seconds.
  path: Assets/Scenes/Test1.unity
  artifactKey: Guid(6b05098a7acc85b448deb56e72c3311f) Importer(815301076,1909f56bfc062723c751e8b465ee728b)
Start importing Assets/Scenes/Test1.unity using Guid(6b05098a7acc85b448deb56e72c3311f) Importer(815301076,1909f56bfc062723c751e8b465ee728b)  -> (artifact id: 'aaa5721cbaa2d766f02f7bdf4137ce4e') in 0.005188 seconds 
========================================================================
Received Import Request.
  Time since last request: 502.780163 seconds.
  path: Assets/Prefabs/Enemies/Enemy (Big Cyclops).prefab
  artifactKey: Guid(8261825cafc663147b69d5d4ea816a66) Importer(815301076,1909f56bfc062723c751e8b465ee728b)
Start importing Assets/Prefabs/Enemies/Enemy (Big Cyclops).prefab using Guid(8261825cafc663147b69d5d4ea816a66) Importer(815301076,1909f56bfc062723c751e8b465ee728b)  -> (artifact id: 'ea7d2f4c9557317a770996cc4a130660') in 0.022779 seconds 
========================================================================
Received Import Request.
  Time since last request: 2.994578 seconds.
  path: Assets/Prefabs/Enemies/Enemy (Big Cyclops).prefab
  artifactKey: Guid(8261825cafc663147b69d5d4ea816a66) Importer(815301076,1909f56bfc062723c751e8b465ee728b)
Start importing Assets/Prefabs/Enemies/Enemy (Big Cyclops).prefab using Guid(8261825cafc663147b69d5d4ea816a66) Importer(815301076,1909f56bfc062723c751e8b465ee728b)  -> (artifact id: '29c0e5c1e1c31321b415b555f246a57a') in 0.027288 seconds 
========================================================================
Received Import Request.
  Time since last request: 1.582802 seconds.
  path: Assets/Prefabs/Enemies/Enemy (Big Cyclops).prefab
  artifactKey: Guid(8261825cafc663147b69d5d4ea816a66) Importer(815301076,1909f56bfc062723c751e8b465ee728b)
Start importing Assets/Prefabs/Enemies/Enemy (Big Cyclops).prefab using Guid(8261825cafc663147b69d5d4ea816a66) Importer(815301076,1909f56bfc062723c751e8b465ee728b)  -> (artifact id: 'f11256c35c00c4cd4eef21e715ea6c58') in 0.007660 seconds 
========================================================================
Received Import Request.
  Time since last request: 1.804809 seconds.
  path: Assets/Prefabs/Enemies/Enemy (Big Demon).prefab
  artifactKey: Guid(3383558e11975a34b99e65397bc2a000) Importer(815301076,1909f56bfc062723c751e8b465ee728b)
Start importing Assets/Prefabs/Enemies/Enemy (Big Demon).prefab using Guid(3383558e11975a34b99e65397bc2a000) Importer(815301076,1909f56bfc062723c751e8b465ee728b)  -> (artifact id: '1eb4ecc441f0ebe9effbfaaa3dbedc95') in 0.008864 seconds 
========================================================================
Received Import Request.
  Time since last request: 1.191873 seconds.
  path: Assets/Prefabs/Enemies/Enemy (Big Demon).prefab
  artifactKey: Guid(3383558e11975a34b99e65397bc2a000) Importer(815301076,1909f56bfc062723c751e8b465ee728b)
Start importing Assets/Prefabs/Enemies/Enemy (Big Demon).prefab using Guid(3383558e11975a34b99e65397bc2a000) Importer(815301076,1909f56bfc062723c751e8b465ee728b)  -> (artifact id: 'e406245c84fddc160eab9a0db5a28bce') in 0.011579 seconds 
========================================================================
Received Import Request.
  Time since last request: 21.902362 seconds.
  path: Assets/Prefabs/Enemies/Enemy (Big Cyclops).prefab
  artifactKey: Guid(8261825cafc663147b69d5d4ea816a66) Importer(815301076,1909f56bfc062723c751e8b465ee728b)
Start importing Assets/Prefabs/Enemies/Enemy (Big Cyclops).prefab using Guid(8261825cafc663147b69d5d4ea816a66) Importer(815301076,1909f56bfc062723c751e8b465ee728b)  -> (artifact id: 'bf873de206c760f1b5d3fac9690fd889') in 0.010212 seconds 
========================================================================
Received Import Request.
  Time since last request: 5.067763 seconds.
  path: Assets/Prefabs/Enemies/Enemy (Big Yeti).prefab
  artifactKey: Guid(f37e7e47d8c29f146a9fa5eb83cade3e) Importer(815301076,1909f56bfc062723c751e8b465ee728b)
Start importing Assets/Prefabs/Enemies/Enemy (Big Yeti).prefab using Guid(f37e7e47d8c29f146a9fa5eb83cade3e) Importer(815301076,1909f56bfc062723c751e8b465ee728b)  -> (artifact id: 'e787848012ec5804fcdedfb5910680ef') in 0.015626 seconds 
========================================================================
Received Import Request.
  Time since last request: 12.254042 seconds.
  path: Assets/Prefabs/Enemies/Enemy (Big Demon).prefab
  artifactKey: Guid(3383558e11975a34b99e65397bc2a000) Importer(815301076,1909f56bfc062723c751e8b465ee728b)
Start importing Assets/Prefabs/Enemies/Enemy (Big Demon).prefab using Guid(3383558e11975a34b99e65397bc2a000) Importer(815301076,1909f56bfc062723c751e8b465ee728b)  -> (artifact id: 'db85e4d0ad9fb0549b254f648e503563') in 0.009269 seconds 
========================================================================
Received Import Request.
  Time since last request: 28.626220 seconds.
  path: Assets/Prefabs/Enemies/Enemy (Big Cyclops).prefab
  artifactKey: Guid(8261825cafc663147b69d5d4ea816a66) Importer(815301076,1909f56bfc062723c751e8b465ee728b)
Start importing Assets/Prefabs/Enemies/Enemy (Big Cyclops).prefab using Guid(8261825cafc663147b69d5d4ea816a66) Importer(815301076,1909f56bfc062723c751e8b465ee728b)  -> (artifact id: '26cf28422a1bf9ed2e337d62399410ce') in 0.019511 seconds 
========================================================================
Received Import Request.
  Time since last request: 7.034833 seconds.
  path: Assets/Prefabs/Enemies/Enemy (Big Cyclops).prefab
  artifactKey: Guid(8261825cafc663147b69d5d4ea816a66) Importer(815301076,1909f56bfc062723c751e8b465ee728b)
Start importing Assets/Prefabs/Enemies/Enemy (Big Cyclops).prefab using Guid(8261825cafc663147b69d5d4ea816a66) Importer(815301076,1909f56bfc062723c751e8b465ee728b)  -> (artifact id: '58f1d2eeafca0cbb7f2703668d2ea1ab') in 0.011573 seconds 
========================================================================
Received Import Request.
  Time since last request: 5.429046 seconds.
  path: Assets/Prefabs/Enemies/Enemy (Big Cyclops).prefab
  artifactKey: Guid(8261825cafc663147b69d5d4ea816a66) Importer(815301076,1909f56bfc062723c751e8b465ee728b)
Start importing Assets/Prefabs/Enemies/Enemy (Big Cyclops).prefab using Guid(8261825cafc663147b69d5d4ea816a66) Importer(815301076,1909f56bfc062723c751e8b465ee728b)  -> (artifact id: '97102a09b12cd03eeef06a306de601a1') in 0.021549 seconds 
========================================================================
Received Import Request.
  Time since last request: 5.199503 seconds.
  path: Assets/Prefabs/Enemies/Enemy (Big Cyclops).prefab
  artifactKey: Guid(8261825cafc663147b69d5d4ea816a66) Importer(815301076,1909f56bfc062723c751e8b465ee728b)
Start importing Assets/Prefabs/Enemies/Enemy (Big Cyclops).prefab using Guid(8261825cafc663147b69d5d4ea816a66) Importer(815301076,1909f56bfc062723c751e8b465ee728b)  -> (artifact id: '03e3252884bd4ee736eaf05d599aad38') in 0.007224 seconds 
========================================================================
Received Import Request.
  Time since last request: 3508.986634 seconds.
  path: Assets/Prefabs/Enemies/Enemy (Big Cyclops).prefab
  artifactKey: Guid(8261825cafc663147b69d5d4ea816a66) Importer(815301076,1909f56bfc062723c751e8b465ee728b)
Start importing Assets/Prefabs/Enemies/Enemy (Big Cyclops).prefab using Guid(8261825cafc663147b69d5d4ea816a66) Importer(815301076,1909f56bfc062723c751e8b465ee728b)  -> (artifact id: '30dded802dca64887ec850a25fe28ec3') in 0.025592 seconds 
========================================================================
Received Import Request.
  Time since last request: 11.457169 seconds.
  path: Assets/Prefabs/Enemies/Enemy (Big Cyclops).prefab
  artifactKey: Guid(8261825cafc663147b69d5d4ea816a66) Importer(815301076,1909f56bfc062723c751e8b465ee728b)
Start importing Assets/Prefabs/Enemies/Enemy (Big Cyclops).prefab using Guid(8261825cafc663147b69d5d4ea816a66) Importer(815301076,1909f56bfc062723c751e8b465ee728b)  -> (artifact id: '6feedbe8b527829af5a936f71f1656f0') in 0.024008 seconds 
========================================================================
Received Import Request.
  Time since last request: 7.236867 seconds.
  path: Assets/Prefabs/Enemies/Enemy (Big Cyclops).prefab
  artifactKey: Guid(8261825cafc663147b69d5d4ea816a66) Importer(815301076,1909f56bfc062723c751e8b465ee728b)
Start importing Assets/Prefabs/Enemies/Enemy (Big Cyclops).prefab using Guid(8261825cafc663147b69d5d4ea816a66) Importer(815301076,1909f56bfc062723c751e8b465ee728b)  -> (artifact id: '20b17f4c46009424ff5277b6aa79f35a') in 0.021412 seconds 
========================================================================
Received Import Request.
  Time since last request: 20.936357 seconds.
  path: Assets/Prefabs/Enemies/Enemy (Big Demon).prefab
  artifactKey: Guid(3383558e11975a34b99e65397bc2a000) Importer(815301076,1909f56bfc062723c751e8b465ee728b)
Start importing Assets/Prefabs/Enemies/Enemy (Big Demon).prefab using Guid(3383558e11975a34b99e65397bc2a000) Importer(815301076,1909f56bfc062723c751e8b465ee728b)  -> (artifact id: 'edd54e09ac8a07a627685c515e839c6b') in 0.023465 seconds 
========================================================================
Received Import Request.
  Time since last request: 2.391087 seconds.
  path: Assets/Prefabs/Enemies/Enemy (Big Demon).prefab
  artifactKey: Guid(3383558e11975a34b99e65397bc2a000) Importer(815301076,1909f56bfc062723c751e8b465ee728b)
Start importing Assets/Prefabs/Enemies/Enemy (Big Demon).prefab using Guid(3383558e11975a34b99e65397bc2a000) Importer(815301076,1909f56bfc062723c751e8b465ee728b)  -> (artifact id: '5630474baaa2e856f151cdca6ff568b2') in 0.012572 seconds 
========================================================================
Received Import Request.
  Time since last request: 56.633624 seconds.
  path: Assets/Prefabs/Enemies/Enemy (Big Demon).prefab
  artifactKey: Guid(3383558e11975a34b99e65397bc2a000) Importer(815301076,1909f56bfc062723c751e8b465ee728b)
Start importing Assets/Prefabs/Enemies/Enemy (Big Demon).prefab using Guid(3383558e11975a34b99e65397bc2a000) Importer(815301076,1909f56bfc062723c751e8b465ee728b)  -> (artifact id: '88aa6e9f6eb9eda48631ee9cccc26b5c') in 0.007788 seconds 
========================================================================
Received Import Request.
  Time since last request: 5.012845 seconds.
  path: Assets/Prefabs/Enemies/Enemy (Big Demon).prefab
  artifactKey: Guid(3383558e11975a34b99e65397bc2a000) Importer(815301076,1909f56bfc062723c751e8b465ee728b)
Start importing Assets/Prefabs/Enemies/Enemy (Big Demon).prefab using Guid(3383558e11975a34b99e65397bc2a000) Importer(815301076,1909f56bfc062723c751e8b465ee728b)  -> (artifact id: 'e9f84895483b8b35ab642e865e1d07ba') in 0.007105 seconds 
========================================================================
Received Import Request.
  Time since last request: 8.654194 seconds.
  path: Assets/Prefabs/Enemies/Enemy (Big Demon).prefab
  artifactKey: Guid(3383558e11975a34b99e65397bc2a000) Importer(815301076,1909f56bfc062723c751e8b465ee728b)
Start importing Assets/Prefabs/Enemies/Enemy (Big Demon).prefab using Guid(3383558e11975a34b99e65397bc2a000) Importer(815301076,1909f56bfc062723c751e8b465ee728b)  -> (artifact id: '8b47416c7312ba02939a963962422c53') in 0.011559 seconds 
========================================================================
Received Import Request.
  Time since last request: 11.879234 seconds.
  path: Assets/Prefabs/Enemies/Enemy (Big Demon).prefab
  artifactKey: Guid(3383558e11975a34b99e65397bc2a000) Importer(815301076,1909f56bfc062723c751e8b465ee728b)
Start importing Assets/Prefabs/Enemies/Enemy (Big Demon).prefab using Guid(3383558e11975a34b99e65397bc2a000) Importer(815301076,1909f56bfc062723c751e8b465ee728b)  -> (artifact id: '7eab80f65c06ecaf80ea32a30bb11791') in 0.011056 seconds 
========================================================================
Received Import Request.
  Time since last request: 41.505622 seconds.
  path: Assets/Prefabs/Enemies/Enemy (Big Yeti).prefab
  artifactKey: Guid(f37e7e47d8c29f146a9fa5eb83cade3e) Importer(815301076,1909f56bfc062723c751e8b465ee728b)
Start importing Assets/Prefabs/Enemies/Enemy (Big Yeti).prefab using Guid(f37e7e47d8c29f146a9fa5eb83cade3e) Importer(815301076,1909f56bfc062723c751e8b465ee728b)  -> (artifact id: '592f79e294b31e3e8b773e1550f9846f') in 0.022414 seconds 
========================================================================
Received Import Request.
  Time since last request: 3.987040 seconds.
  path: Assets/Prefabs/Enemies/Enemy (Big Yeti).prefab
  artifactKey: Guid(f37e7e47d8c29f146a9fa5eb83cade3e) Importer(815301076,1909f56bfc062723c751e8b465ee728b)
Start importing Assets/Prefabs/Enemies/Enemy (Big Yeti).prefab using Guid(f37e7e47d8c29f146a9fa5eb83cade3e) Importer(815301076,1909f56bfc062723c751e8b465ee728b)  -> (artifact id: '4770f22d9b3cea2c92c8caa8b66e5e68') in 0.007383 seconds 
========================================================================
Received Import Request.
  Time since last request: 15.460030 seconds.
  path: Assets/Prefabs/Enemies/Enemy (Big Yeti).prefab
  artifactKey: Guid(f37e7e47d8c29f146a9fa5eb83cade3e) Importer(815301076,1909f56bfc062723c751e8b465ee728b)
Start importing Assets/Prefabs/Enemies/Enemy (Big Yeti).prefab using Guid(f37e7e47d8c29f146a9fa5eb83cade3e) Importer(815301076,1909f56bfc062723c751e8b465ee728b)  -> (artifact id: '087131514c448d8d00d87bf2f556383d') in 0.007240 seconds 
========================================================================
Received Import Request.
  Time since last request: 9.728111 seconds.
  path: Assets/Prefabs/Enemies/Enemy (Big Yeti).prefab
  artifactKey: Guid(f37e7e47d8c29f146a9fa5eb83cade3e) Importer(815301076,1909f56bfc062723c751e8b465ee728b)
Start importing Assets/Prefabs/Enemies/Enemy (Big Yeti).prefab using Guid(f37e7e47d8c29f146a9fa5eb83cade3e) Importer(815301076,1909f56bfc062723c751e8b465ee728b)  -> (artifact id: '732702b7d827c05cf4f09f3ce807fc0e') in 0.006908 seconds 
========================================================================
Received Import Request.
  Time since last request: 930.200322 seconds.
  path: Assets/Scenes/Test3.unity
  artifactKey: Guid(a41439b8d19acb246a0ad7741e1abbc6) Importer(815301076,1909f56bfc062723c751e8b465ee728b)
Start importing Assets/Scenes/Test3.unity using Guid(a41439b8d19acb246a0ad7741e1abbc6) Importer(815301076,1909f56bfc062723c751e8b465ee728b)  -> (artifact id: '6077fc94988832a642775a651302b1a4') in 0.005311 seconds 
========================================================================
Received Import Request.
  Time since last request: 881.504170 seconds.
  path: Assets/Prefabs/Towers/Bomb Tower.prefab
  artifactKey: Guid(13e75a92cfff0664da0ed14137c7854b) Importer(815301076,1909f56bfc062723c751e8b465ee728b)
Start importing Assets/Prefabs/Towers/Bomb Tower.prefab using Guid(13e75a92cfff0664da0ed14137c7854b) Importer(815301076,1909f56bfc062723c751e8b465ee728b)  -> (artifact id: '26c783dcaf82228e461952a66e3ae392') in 0.028655 seconds 
========================================================================
Received Import Request.
  Time since last request: 24.256645 seconds.
  path: Assets/Prefabs/Projectiles/Bomb.prefab
  artifactKey: Guid(55bdc3e869099824b854aef88de9c7e0) Importer(815301076,1909f56bfc062723c751e8b465ee728b)
Start importing Assets/Prefabs/Projectiles/Bomb.prefab using Guid(55bdc3e869099824b854aef88de9c7e0) Importer(815301076,1909f56bfc062723c751e8b465ee728b)  -> (artifact id: '93b397a34bae2e203a5f3104df45b531') in 0.012686 seconds 
========================================================================
Received Import Request.
  Time since last request: 14.941743 seconds.
  path: Assets/Prefabs/Projectiles/Bomb.prefab
  artifactKey: Guid(55bdc3e869099824b854aef88de9c7e0) Importer(815301076,1909f56bfc062723c751e8b465ee728b)
Start importing Assets/Prefabs/Projectiles/Bomb.prefab using Guid(55bdc3e869099824b854aef88de9c7e0) Importer(815301076,1909f56bfc062723c751e8b465ee728b)  -> (artifact id: '1dda7d8f673126d733f58b8649554825') in 0.015438 seconds 
========================================================================
Received Import Request.
  Time since last request: 58.484318 seconds.
  path: Assets/Prefabs/Projectiles/Bomb.prefab
  artifactKey: Guid(55bdc3e869099824b854aef88de9c7e0) Importer(815301076,1909f56bfc062723c751e8b465ee728b)
Start importing Assets/Prefabs/Projectiles/Bomb.prefab using Guid(55bdc3e869099824b854aef88de9c7e0) Importer(815301076,1909f56bfc062723c751e8b465ee728b)  -> (artifact id: '800bafb700ce3fa89bd24f3c1bf21a44') in 0.043698 seconds 
========================================================================
Received Import Request.
  Time since last request: 2.366643 seconds.
  path: Assets/Prefabs/Projectiles/Bomb.prefab
  artifactKey: Guid(55bdc3e869099824b854aef88de9c7e0) Importer(815301076,1909f56bfc062723c751e8b465ee728b)
Start importing Assets/Prefabs/Projectiles/Bomb.prefab using Guid(55bdc3e869099824b854aef88de9c7e0) Importer(815301076,1909f56bfc062723c751e8b465ee728b)  -> (artifact id: '00d18dcd80b20c07b381727ff6dc1e04') in 0.015075 seconds 
========================================================================
Received Import Request.
  Time since last request: 15.708431 seconds.
  path: Assets/Prefabs/Towers/Bomb Tower.prefab
  artifactKey: Guid(13e75a92cfff0664da0ed14137c7854b) Importer(815301076,1909f56bfc062723c751e8b465ee728b)
Start importing Assets/Prefabs/Towers/Bomb Tower.prefab using Guid(13e75a92cfff0664da0ed14137c7854b) Importer(815301076,1909f56bfc062723c751e8b465ee728b)  -> (artifact id: '5d378ffcf31611bad05ac85a35d0ad57') in 0.009830 seconds 
========================================================================
Received Import Request.
  Time since last request: 122.768642 seconds.
  path: Assets/Prefabs/Projectiles/Bomb.prefab
  artifactKey: Guid(55bdc3e869099824b854aef88de9c7e0) Importer(815301076,1909f56bfc062723c751e8b465ee728b)
Start importing Assets/Prefabs/Projectiles/Bomb.prefab using Guid(55bdc3e869099824b854aef88de9c7e0) Importer(815301076,1909f56bfc062723c751e8b465ee728b)  -> (artifact id: 'd13541ff0e0283b129ed53db9906964d') in 0.007164 seconds 
========================================================================
Received Import Request.
  Time since last request: 215.660317 seconds.
  path: Assets/Scenes/Test4.unity
  artifactKey: Guid(b13b4d0ee13853744a703a5fb065f7da) Importer(815301076,1909f56bfc062723c751e8b465ee728b)
Start importing Assets/Scenes/Test4.unity using Guid(b13b4d0ee13853744a703a5fb065f7da) Importer(815301076,1909f56bfc062723c751e8b465ee728b)  -> (artifact id: '8e44250954610cc7cf057aee3f697fbc') in 0.004764 seconds 
========================================================================
Received Import Request.
  Time since last request: 37.988533 seconds.
  path: Assets/Scenes/Test3.unity
  artifactKey: Guid(a41439b8d19acb246a0ad7741e1abbc6) Importer(815301076,1909f56bfc062723c751e8b465ee728b)
Start importing Assets/Scenes/Test3.unity using Guid(a41439b8d19acb246a0ad7741e1abbc6) Importer(815301076,1909f56bfc062723c751e8b465ee728b)  -> (artifact id: 'da8a8f980dbf4034ce43ec23599b1723') in 0.002078 seconds 
========================================================================
Received Import Request.
  Time since last request: 14.381906 seconds.
  path: Assets/Scenes/Test4.unity
  artifactKey: Guid(b13b4d0ee13853744a703a5fb065f7da) Importer(815301076,1909f56bfc062723c751e8b465ee728b)
Start importing Assets/Scenes/Test4.unity using Guid(b13b4d0ee13853744a703a5fb065f7da) Importer(815301076,1909f56bfc062723c751e8b465ee728b)  -> (artifact id: '64a13ea56b1a5c4abd94d1f53b66fb39') in 0.001830 seconds 
========================================================================
Received Import Request.
  Time since last request: 910.992724 seconds.
  path: Assets/Scenes/Main Menu.unity
  artifactKey: Guid(120c5603e21a5e646b33eef5d70d2c8c) Importer(815301076,1909f56bfc062723c751e8b465ee728b)
Start importing Assets/Scenes/Main Menu.unity using Guid(120c5603e21a5e646b33eef5d70d2c8c) Importer(815301076,1909f56bfc062723c751e8b465ee728b)  -> (artifact id: '75063ea024a50567164b0ddc75350947') in 0.004523 seconds 
AssetImportWorkerClient::OnTransportError - code=2 error=End of file
